/bin/sh: 1: no: not found
/bin/sh: 1: no: not found
/bin/sh: 1: no: not found
MoCHi: Model Checker for Higher-Order Programs
  TRecS version: 1.35
  OCaml version: 4.03.0
  Command: bin/mochi.opt -limit 180 hors.ml

parsed:
 let c_1199 _ = () in
 let b_1201 x_1202 _ = x_1202 1 in
 let a_1204 x_2022 x_2026 q_1207 = if q_1207 = 0 then x_2022 0; x_2026 0 else assert false in
 let rec f_1208 n_1209 x_1210 q_1211 =
   if n_1209 <= 0 then x_1210 q_1211 else a_1204 x_1210 (f_1208 (n_1209 - 1) (b_1201 x_1210)) q_1211
 in
 let s_1212 n_1213 q_1214 = f_1208 n_1213 c_1199 q_1214 in
 let main_1215 n_1216 = s_1212 n_1216 0 in
 ()


###set_main:
 let c_1199 (_:int) = () in
 let b_1201 (x_1202:(int -> unit)) (_:int) = x_1202 1 in
 let a_1204 (x_2022:(int -> unit)) (x_2026:(int -> unit)) (q_1207:int) =
   if q_1207 = 0 then x_2022 0; x_2026 0 else assert false
 in
 let rec f_1208 (n_1209:int) (x_1210:(int -> unit)) (q_1211:int) =
   if n_1209 <= 0 then x_1210 q_1211 else a_1204 x_1210 (f_1208 (n_1209 - 1) (b_1201 x_1210)) q_1211
 in
 let s_1212 (n_1213:int) (q_1214:int) = f_1208 n_1213 c_1199 q_1214 in
 let main_1215 (n_1216:int) = s_1212 n_1216 0 in
 (let arg1_2085 = rand_int () in
  main_1215 arg1_2085); ()

###CPS:
 (let c_1199 (_:int) (k_c_2324:(unit -> X)) = k_c_2324 () in
  let b_1201 (x_1202:(int -> (unit -> X) -> X)) (_:int) (k_b_2334:(unit -> X)) = x_1202 1 k_b_2334 in
  let a_1204 (x_2022:(int -> (unit -> X) -> X)) (x_2026:(int -> (unit -> X) -> X)) (q_1207:int) (k_a_2361:(unit -> X)) =
    if q_1207 = 0 then x_2022 0 (fun (():unit) -> x_2026 0 k_a_2361) else <|fail|> () (fun (():unit) -> _|_)
  in
  let rec f_1208 (n_1209:int) (x_1210:(int -> (unit -> X) -> X)) (q_1211:int) (k_f_2418:(unit -> X)) =
    if n_1209 <= 0
    then
      x_1210 q_1211 k_f_2418
    else
      a_1204 x_1210 (f_1208 (n_1209 - 1) (b_1201 x_1210)) q_1211 k_f_2418
  in
  let main_2087 (k_main_2527:(unit -> X)) =
    let arg1_2085 (k_main_arg1_2532:(int -> X)) = rand_int_cps () k_main_arg1_2532 in
    arg1_2085 (fun (arg1_2548:int) -> f_1208 arg1_2548 c_1199 0 k_main_2527)
  in
  main_2087 (fun (():unit) -> {end}) # [ACPS])

###Remove_pair:
 (let c_1199 (_:int) (k_c_2324:(unit -> X)) = k_c_2324 () in
  let b_1201 (x_1202:(int -> (unit -> X) -> X)) (_:int) (k_b_2334:(unit -> X)) = x_1202 1 k_b_2334 in
  let a_1204 (x_2022:(int -> (unit -> X) -> X)) (x_2026:(int -> (unit -> X) -> X)) (q_1207:int) (k_a_2361:(unit -> X)) =
    if q_1207 = 0 then x_2022 0 (fun (():unit) -> x_2026 0 k_a_2361) else <|fail|> () (fun (():unit) -> _|_)
  in
  let rec f_1208 (n_1209:int) (x_1210:(int -> (unit -> X) -> X)) (q_1211:int) (k_f_2418:(unit -> X)) =
    if n_1209 <= 0
    then
      x_1210 q_1211 k_f_2418
    else
      a_1204 x_1210 (f_1208 (n_1209 - 1) (b_1201 x_1210)) q_1211 k_f_2418
  in
  let main_2087 (k_main_2527:(unit -> X)) =
    let arg1_2085 (k_main_arg1_2532:(int -> X)) = rand_int_cps () k_main_arg1_2532 in
    arg1_2085 (fun (arg1_2548:int) -> f_1208 arg1_2548 c_1199 0 k_main_2527)
  in
  main_2087 (fun (():unit) -> {end}) # [ACPS])


Program with abstraction types (CEGAR-cycle 1)::
Main: main_2779
  main_2779 -> (main_2087 f_2783).
  a_1204 x_2022 x_2026 q_1207 k_a_2361 when (q_1207 = 0) -> (x_2022 0 (f_a_2780 q_1207 k_a_2361 x_2026)).
  a_1204 x_2022 x_2026 q_1207 k_a_2361 when (not (q_1207 = 0)) -> (fail_2784 true (f_a_2781 q_1207)).
  arg1_2085 k_main_arg1_2532 -> (rand_int k_main_arg1_2532).
  b_1201 x_1202 x_2010 k_b_2334 -> (x_1202 1 k_b_2334).
  c_1199 x_2003 k_c_2324 -> (k_c_2324 ()).
  f_1208 n_1209 x_1210 q_1211 k_f_2418 when (n_1209 <= 0) -> (x_1210 q_1211 k_f_2418).
  f_1208 n_1209 x_1210 q_1211 k_f_2418 when (not (n_1209 <= 0)) ->
      (a_1204 x_1210 (f_1208 (n_1209 - 1) (b_1201 x_1210)) q_1211 k_f_2418).
  f_2783 main_2549 -> end.
  f_a_2780 q_1207 k_a_2361 x_2026 u_2384 -> (x_2026 0 k_a_2361).
  f_a_2781 q_1207 u_2396 -> _|_.
  f_main_2782 k_main_2527 arg1_2548 -> (f_1208 arg1_2548 c_1199 0 k_main_2527).
  fail_2784 b k -> {fail} => (k ()).
  main_2087 k_main_2527 -> (arg1_2085 (f_main_2782 k_main_2527)).
Types:
  main_2779 : X
  f_1208 : (int -> (int -> (unit -> X) -> X) -> int -> (unit -> X) -> X)
  fail_2784 : (x_2:bool[x_2] -> (unit -> X) -> X)

(1-1) Abstracting ... DONE!

(1-2) Checking HORS ... DONE!

Error trace::
  main_2779 ... --> 
  main_2087 ... --> 
  arg1_2085 ... --> 
  f_main_2782 ... --> 
  f_1208 [2/2] ... --> 
  a_1204 [2/2] ... --> 
  fail_2784 ... --> fail -->
  ERROR!

Spurious counterexample::
  0; 0; 0; 0; 1; 1; 0

(1-3) Checking counterexample ... DONE!

(1-4) Discovering predicates (infeasible case) ... 
DONE!

Prefix of spurious counterexample::
0; 0; 0; 0; 1; 1

Program with abstraction types (CEGAR-cycle 2)::
Main: main_2779
  main_2779 -> (main_2087 f_2783).
  a_1204 x_2022 x_2026 q_1207 k_a_2361 when (q_1207 = 0) -> (x_2022 0 (f_a_2780 q_1207 k_a_2361 x_2026)).
  a_1204 x_2022 x_2026 q_1207 k_a_2361 when (not (q_1207 = 0)) -> (fail_2784 true (f_a_2781 q_1207)).
  arg1_2085 k_main_arg1_2532 -> (rand_int k_main_arg1_2532).
  b_1201 x_1202 x_2010 k_b_2334 -> (x_1202 1 k_b_2334).
  c_1199 x_2003 k_c_2324 -> (k_c_2324 ()).
  f_1208 n_1209 x_1210 q_1211 k_f_2418 when (n_1209 <= 0) -> (x_1210 q_1211 k_f_2418).
  f_1208 n_1209 x_1210 q_1211 k_f_2418 when (not (n_1209 <= 0)) ->
      (a_1204 x_1210 (f_1208 (n_1209 - 1) (b_1201 x_1210)) q_1211 k_f_2418).
  f_2783 main_2549 -> end.
  f_a_2780 q_1207 k_a_2361 x_2026 u_2384 -> (x_2026 0 k_a_2361).
  f_a_2781 q_1207 u_2396 -> _|_.
  f_main_2782 k_main_2527 arg1_2548 -> (f_1208 arg1_2548 c_1199 0 k_main_2527).
  fail_2784 b k -> {fail} => (k ()).
  main_2087 k_main_2527 -> (arg1_2085 (f_main_2782 k_main_2527)).
Types:
  main_2779 : X
  f_1208 : (int -> (int -> (unit -> X) -> X) -> x_9:int[x_9 = 0] -> (unit -> X) -> X)
  fail_2784 : (x_2:bool[x_2] -> (unit -> X) -> X)

(2-1) Abstracting ... DONE!

(2-2) Checking HORS ... DONE!


========================================================================================================================

Safe!

Refinement Types:
  f: (int -> (int -> unit) -> {0} -> unit)

CEGAR-cycles: 2
total: 0.319 sec
  abst: 0.124 sec
  mc: 0.006 sec
  refine: 0.084 sec
0.321
