/bin/sh: 1: no: not found
/bin/sh: 1: no: not found
/bin/sh: 1: no: not found
MoCHi: Model Checker for Higher-Order Programs
  TRecS version: 1.35
  OCaml version: 4.03.0
  Command: bin/mochi.opt -limit 180 mc91.ml

parsed:
 let rec mc91_1199 x_1200 = if x_1200 > 100 then x_1200 - 10 else mc91_1199 (mc91_1199 (x_1200 + 11)) in
 let main_1201 n_1202 = if n_1202 <= 101 then assert (mc91_1199 n_1202 = 91) in
 ()


###set_main:
 let rec mc91_1199 (x_1200:int) = if x_1200 > 100 then x_1200 - 10 else mc91_1199 (mc91_1199 (x_1200 + 11)) in
 let main_1201 (n_1202:int) = if n_1202 <= 101 then assert (mc91_1199 n_1202 = 91) in
 (let arg1_2019 = rand_int () in
  main_1201 arg1_2019); ()

###CPS:
 (let rec mc91_1199 (x_1200:int) (k_mc91_2126:(int -> X)) =
    if x_1200 > 100
    then
      k_mc91_2126 (x_1200 - 10)
    else
      mc91_1199 (x_1200 + 11) (fun (x_2146:int) -> mc91_1199 x_2146 k_mc91_2126)
  in
  let main_1201 (n_1202:int) (k_main_2157:(unit -> X)) =
    if n_1202 <= 101
    then
      mc91_1199 n_1202 (fun (x_2160:int) -> if x_2160 = 91 then k_main_2157 () else <|fail|> () k_main_2157)
    else
      k_main_2157 ()
  in
  let main_2021 (k_main_2193:(unit -> X)) =
    let arg1_2019 (k_main_arg1_2198:(int -> X)) = rand_int_cps () k_main_arg1_2198 in
    arg1_2019 (fun (arg1_2214:int) -> main_1201 arg1_2214 k_main_2193)
  in
  main_2021 (fun (():unit) -> {end}) # [ACPS])

###Remove_pair:
 (let rec mc91_1199 (x_1200:int) (k_mc91_2126:(int -> X)) =
    if x_1200 > 100
    then
      k_mc91_2126 (x_1200 - 10)
    else
      mc91_1199 (x_1200 + 11) (fun (x_2146:int) -> mc91_1199 x_2146 k_mc91_2126)
  in
  let main_1201 (n_1202:int) (k_main_2157:(unit -> X)) =
    if n_1202 <= 101
    then
      mc91_1199 n_1202 (fun (x_2160:int) -> if x_2160 = 91 then k_main_2157 () else <|fail|> () k_main_2157)
    else
      k_main_2157 ()
  in
  let main_2021 (k_main_2193:(unit -> X)) =
    let arg1_2019 (k_main_arg1_2198:(int -> X)) = rand_int_cps () k_main_arg1_2198 in
    arg1_2019 (fun (arg1_2214:int) -> main_1201 arg1_2214 k_main_2193)
  in
  main_2021 (fun (():unit) -> {end}) # [ACPS])


Program with abstraction types (CEGAR-cycle 1)::
Main: main_2338
  main_2338 -> (main_2021 f_2342).
  arg1_2019 k_main_arg1_2198 -> (rand_int k_main_arg1_2198).
  f_2342 main_2215 -> end.
  f_main_2340 n_1202 k_main_2157 x_2160 when (x_2160 = 91) -> (k_main_2157 ()).
  f_main_2340 n_1202 k_main_2157 x_2160 when (not (x_2160 = 91)) -> (fail_2343 true k_main_2157).
  f_main_2341 k_main_2193 arg1_2214 -> (main_1201 arg1_2214 k_main_2193).
  f_mc91_2339 x_1200 k_mc91_2126 x_2146 -> (mc91_1199 x_2146 k_mc91_2126).
  fail_2343 b k -> {fail} => (k ()).
  main_1201 n_1202 k_main_2157 when (n_1202 <= 101) -> (mc91_1199 n_1202 (f_main_2340 n_1202 k_main_2157)).
  main_1201 n_1202 k_main_2157 when (not (n_1202 <= 101)) -> (k_main_2157 ()).
  main_2021 k_main_2193 -> (arg1_2019 (f_main_2341 k_main_2193)).
  mc91_1199 x_1200 k_mc91_2126 when (x_1200 > 100) -> (k_mc91_2126 (x_1200 - 10)).
  mc91_1199 x_1200 k_mc91_2126 when (not (x_1200 > 100)) -> (mc91_1199 (x_1200 + 11) (f_mc91_2339 x_1200 k_mc91_2126)).
Types:
  main_2338 : X
  fail_2343 : (x_2:bool[x_2] -> (unit -> X) -> X)
  mc91_1199 : (int -> (int -> X) -> X)

(1-1) Abstracting ... DONE!

(1-2) Checking HORS ... DONE!

Error trace::
  main_2338 ... --> 
  main_2021 ... --> 
  arg1_2019 ... --> 
  f_main_2341 ... --> 
  main_1201 [1/2] ... --> 
  mc91_1199 [1/2] ... --> 
  f_main_2340 [2/2] ... --> 
  fail_2343 ... --> fail -->
  ERROR!

Spurious counterexample::
  0; 0; 0; 0; 0; 0; 1; 0

(1-3) Checking counterexample ... DONE!

(1-4) Discovering predicates (infeasible case) ... 
DONE!

Prefix of spurious counterexample::
0; 0; 0; 0; 0; 0; 1

Program with abstraction types (CEGAR-cycle 2)::
Main: main_2338
  main_2338 -> (main_2021 f_2342).
  arg1_2019 k_main_arg1_2198 -> (rand_int k_main_arg1_2198).
  f_2342 main_2215 -> end.
  f_main_2340 n_1202 k_main_2157 x_2160 when (x_2160 = 91) -> (k_main_2157 ()).
  f_main_2340 n_1202 k_main_2157 x_2160 when (not (x_2160 = 91)) -> (fail_2343 true k_main_2157).
  f_main_2341 k_main_2193 arg1_2214 -> (main_1201 arg1_2214 k_main_2193).
  f_mc91_2339 x_1200 k_mc91_2126 x_2146 -> (mc91_1199 x_2146 k_mc91_2126).
  fail_2343 b k -> {fail} => (k ()).
  main_1201 n_1202 k_main_2157 when (n_1202 <= 101) -> (mc91_1199 n_1202 (f_main_2340 n_1202 k_main_2157)).
  main_1201 n_1202 k_main_2157 when (not (n_1202 <= 101)) -> (k_main_2157 ()).
  main_2021 k_main_2193 -> (arg1_2019 (f_main_2341 k_main_2193)).
  mc91_1199 x_1200 k_mc91_2126 when (x_1200 > 100) -> (k_mc91_2126 (x_1200 - 10)).
  mc91_1199 x_1200 k_mc91_2126 when (not (x_1200 > 100)) -> (mc91_1199 (x_1200 + 11) (f_mc91_2339 x_1200 k_mc91_2126)).
Types:
  main_2338 : X
  fail_2343 : (x_2:bool[x_2] -> (unit -> X) -> X)
  mc91_1199 : (x_2:int[101 >= x_2] -> (x_4:int[91 = x_4] -> X) -> X)

(2-1) Abstracting ... DONE!

(2-2) Checking HORS ... DONE!

Error trace::
  main_2338 ... --> 
  main_2021 ... --> 
  arg1_2019 ... --> 
  f_main_2341 ... --> 
  main_1201 [1/2] ... --> 
  mc91_1199 [2/2] ... --> 
  mc91_1199 [2/2] ... --> 
  mc91_1199 [2/2] ... --> 
  mc91_1199 [1/2] ... --> 
  f_mc91_2339 ... --> 
  mc91_1199 [1/2] ... --> 
  f_mc91_2339 ... --> 
  mc91_1199 [2/2] ... --> 
  mc91_1199 [2/2] ... --> 
  mc91_1199 [1/2] ... --> 
  f_mc91_2339 ... --> 
  mc91_1199 [1/2] ... --> 
  f_mc91_2339 ... --> 
  mc91_1199 [2/2] ... --> 
  mc91_1199 [2/2] ... --> 
  mc91_1199 [1/2] ... --> 
  f_mc91_2339 ... --> 
  mc91_1199 [1/2] ... --> 
  f_mc91_2339 ... --> 
  mc91_1199 [1/2] ... --> 
  f_mc91_2339 ... --> 
  mc91_1199 [2/2] ... --> 
  mc91_1199 [2/2] ... --> 
  mc91_1199 [2/2] ... --> 
  mc91_1199 [1/2] ... --> 
  f_mc91_2339 ... --> 
  mc91_1199 [1/2] ... --> 
  f_mc91_2339 ... --> 
  mc91_1199 [2/2] ... --> 
  mc91_1199 [2/2] ... --> 
  mc91_1199 [1/2] ... --> 
  f_mc91_2339 ... --> 
  mc91_1199 [1/2] ... --> 
  f_mc91_2339 ... --> 
  mc91_1199 [1/2] ... --> 
  f_mc91_2339 ... --> 
  mc91_1199 [2/2] ... --> 
  mc91_1199 [2/2] ... --> 
  mc91_1199 [2/2] ... --> 
  mc91_1199 [1/2] ... --> 
  f_mc91_2339 ... --> 
  mc91_1199 [1/2] ... --> 
  f_mc91_2339 ... --> 
  mc91_1199 [1/2] ... --> 
  f_mc91_2339 ... --> 
  mc91_1199 [1/2] ... --> 
  f_main_2340 [2/2] ... --> 
  fail_2343 ... --> fail -->
  ERROR!

Spurious counterexample::
  0; 0; 0; 0; 0; 1; 1; 1; 0; 0; 0; 0; 1; 1; 0; 0; 0; 0; 1; 1; 0; 0; 0; 
  0; 0; 0; 1; 1; 1; 0; 0; 0; 0; 1; 1; 0; 0; 0; 0; 0; 0; 1; 1; 1; 0; 0; 
  0; 0; 0; 0; 0; 1; 0

(2-3) Checking counterexample ... DONE!

(2-4) Discovering predicates (infeasible case) ... 
DONE!

Prefix of spurious counterexample::
0; 0; 0; 0; 0; 1; 1; 1; 0; 0; 0; 0; 1; 1

Program with abstraction types (CEGAR-cycle 3)::
Main: main_2338
  main_2338 -> (main_2021 f_2342).
  arg1_2019 k_main_arg1_2198 -> (rand_int k_main_arg1_2198).
  f_2342 main_2215 -> end.
  f_main_2340 n_1202 k_main_2157 x_2160 when (x_2160 = 91) -> (k_main_2157 ()).
  f_main_2340 n_1202 k_main_2157 x_2160 when (not (x_2160 = 91)) -> (fail_2343 true k_main_2157).
  f_main_2341 k_main_2193 arg1_2214 -> (main_1201 arg1_2214 k_main_2193).
  f_mc91_2339 x_1200 k_mc91_2126 x_2146 -> (mc91_1199 x_2146 k_mc91_2126).
  fail_2343 b k -> {fail} => (k ()).
  main_1201 n_1202 k_main_2157 when (n_1202 <= 101) -> (mc91_1199 n_1202 (f_main_2340 n_1202 k_main_2157)).
  main_1201 n_1202 k_main_2157 when (not (n_1202 <= 101)) -> (k_main_2157 ()).
  main_2021 k_main_2193 -> (arg1_2019 (f_main_2341 k_main_2193)).
  mc91_1199 x_1200 k_mc91_2126 when (x_1200 > 100) -> (k_mc91_2126 (x_1200 - 10)).
  mc91_1199 x_1200 k_mc91_2126 when (not (x_1200 > 100)) -> (mc91_1199 (x_1200 + 11) (f_mc91_2339 x_1200 k_mc91_2126)).
Types:
  main_2338 : X
  fail_2343 : (x_2:bool[x_2] -> (unit -> X) -> X)
  mc91_1199 : (x_2:int[102 <= x_2; 91 <= x_2; 101 >= x_2] -> (x_4:int[91 <= x_4; 91 = x_4] -> X) -> X)

(3-1) Abstracting ... DONE!

(3-2) Checking HORS ... DONE!

Error trace::
  main_2338 ... --> 
  main_2021 ... --> 
  arg1_2019 ... --> 
  f_main_2341 ... --> 
  main_1201 [1/2] ... --> 
  mc91_1199 [2/2] ... --> 
  mc91_1199 [1/2] ... --> 
  f_mc91_2339 ... --> 
  mc91_1199 [2/2] ... --> 
  mc91_1199 [1/2] ... --> 
  f_mc91_2339 ... --> 
  mc91_1199 [1/2] ... --> 
  f_main_2340 [2/2] ... --> 
  fail_2343 ... --> fail -->
  ERROR!

Spurious counterexample::
  0; 0; 0; 0; 0; 1; 0; 0; 1; 0; 0; 0; 1; 0

(3-3) Checking counterexample ... DONE!

(3-4) Discovering predicates (infeasible case) ... 
DONE!

Prefix of spurious counterexample::
0; 0; 0; 0; 0; 1; 0; 0; 1; 0; 0; 0; 1

Program with abstraction types (CEGAR-cycle 4)::
Main: main_2338
  main_2338 -> (main_2021 f_2342).
  arg1_2019 k_main_arg1_2198 -> (rand_int k_main_arg1_2198).
  f_2342 main_2215 -> end.
  f_main_2340 n_1202 k_main_2157 x_2160 when (x_2160 = 91) -> (k_main_2157 ()).
  f_main_2340 n_1202 k_main_2157 x_2160 when (not (x_2160 = 91)) -> (fail_2343 true k_main_2157).
  f_main_2341 k_main_2193 arg1_2214 -> (main_1201 arg1_2214 k_main_2193).
  f_mc91_2339 x_1200 k_mc91_2126 x_2146 -> (mc91_1199 x_2146 k_mc91_2126).
  fail_2343 b k -> {fail} => (k ()).
  main_1201 n_1202 k_main_2157 when (n_1202 <= 101) -> (mc91_1199 n_1202 (f_main_2340 n_1202 k_main_2157)).
  main_1201 n_1202 k_main_2157 when (not (n_1202 <= 101)) -> (k_main_2157 ()).
  main_2021 k_main_2193 -> (arg1_2019 (f_main_2341 k_main_2193)).
  mc91_1199 x_1200 k_mc91_2126 when (x_1200 > 100) -> (k_mc91_2126 (x_1200 - 10)).
  mc91_1199 x_1200 k_mc91_2126 when (not (x_1200 > 100)) -> (mc91_1199 (x_1200 + 11) (f_mc91_2339 x_1200 k_mc91_2126)).
Types:
  main_2338 : X
  fail_2343 : (x_2:bool[x_2] -> (unit -> X) -> X)
  mc91_1199 : (x_2:int[111 >= x_2; 102 <= x_2; 91 <= x_2; 101 >= x_2] -> (x_4:int[
               101 >= x_4; 91 <= x_4; 91 = x_4] -> X) -> X)

(4-1) Abstracting ... DONE!

(4-2) Checking HORS ... DONE!


========================================================================================================================

Safe!

Refinement Types:
  mc91: (({x_21:int | 102 <= x_21 && 111 >= x_21} -> {x_22:int | 91 <= x_22 && 101 >= x_22}) /\ 
         ({x_12:int | 91 > x_12} -> {91}) /\ ({x_9:int | 91 <= x_9 && 101 >= x_9} -> {91}) /\ (
         Bot -> Bot))

CEGAR-cycles: 4
total: 5.116 sec
  abst: 2.349 sec
  mc: 0.050 sec
  refine: 1.803 sec
5.119
