/bin/sh: 1: no: not found
/bin/sh: 1: no: not found
/bin/sh: 1: no: not found
MoCHi: Model Checker for Higher-Order Programs
  TRecS version: 1.35
  OCaml version: 4.03.0
  Command: bin/mochi.opt -limit 180 mc91-e.ml

parsed:
 let rec mc91_1199 x_1200 = if x_1200 > 100 then x_1200 - 10 else mc91_1199 (mc91_1199 (x_1200 + 11)) in
 let main_1201 n_1202 = if n_1202 <= 102 then assert (mc91_1199 n_1202 = 91) in
 ()


###set_main:
 let rec mc91_1199 (x_1200:int) = if x_1200 > 100 then x_1200 - 10 else mc91_1199 (mc91_1199 (x_1200 + 11)) in
 let main_1201 (n_1202:int) = if n_1202 <= 102 then assert (mc91_1199 n_1202 = 91) in
 (let arg1_2019 = rand_int () in
  main_1201 arg1_2019); ()

###CPS:
 (let rec mc91_1199 (x_1200:int) (k_mc91_2126:(int -> X)) =
    if x_1200 > 100
    then
      k_mc91_2126 (x_1200 - 10)
    else
      mc91_1199 (x_1200 + 11) (fun (x_2146:int) -> mc91_1199 x_2146 k_mc91_2126)
  in
  let main_1201 (n_1202:int) (k_main_2157:(unit -> X)) =
    if n_1202 <= 102
    then
      mc91_1199 n_1202 (fun (x_2160:int) -> if x_2160 = 91 then k_main_2157 () else <|fail|> () k_main_2157)
    else
      k_main_2157 ()
  in
  let main_2021 (k_main_2193:(unit -> X)) =
    let arg1_2019 (k_main_arg1_2198:(int -> X)) = rand_int_cps () k_main_arg1_2198 in
    arg1_2019 (fun (arg1_2214:int) -> main_1201 arg1_2214 k_main_2193)
  in
  main_2021 (fun (():unit) -> {end}) # [ACPS])

###Remove_pair:
 (let rec mc91_1199 (x_1200:int) (k_mc91_2126:(int -> X)) =
    if x_1200 > 100
    then
      k_mc91_2126 (x_1200 - 10)
    else
      mc91_1199 (x_1200 + 11) (fun (x_2146:int) -> mc91_1199 x_2146 k_mc91_2126)
  in
  let main_1201 (n_1202:int) (k_main_2157:(unit -> X)) =
    if n_1202 <= 102
    then
      mc91_1199 n_1202 (fun (x_2160:int) -> if x_2160 = 91 then k_main_2157 () else <|fail|> () k_main_2157)
    else
      k_main_2157 ()
  in
  let main_2021 (k_main_2193:(unit -> X)) =
    let arg1_2019 (k_main_arg1_2198:(int -> X)) = rand_int_cps () k_main_arg1_2198 in
    arg1_2019 (fun (arg1_2214:int) -> main_1201 arg1_2214 k_main_2193)
  in
  main_2021 (fun (():unit) -> {end}) # [ACPS])


Program with abstraction types (CEGAR-cycle 1)::
Main: main_2338
  main_2338 -> (main_2021 f_2342).
  arg1_2019 k_main_arg1_2198 -> (rand_int k_main_arg1_2198).
  f_2342 main_2215 -> end.
  f_main_2340 n_1202 k_main_2157 x_2160 when (x_2160 = 91) -> (k_main_2157 ()).
  f_main_2340 n_1202 k_main_2157 x_2160 when (not (x_2160 = 91)) -> (fail_2343 true k_main_2157).
  f_main_2341 k_main_2193 arg1_2214 -> (main_1201 arg1_2214 k_main_2193).
  f_mc91_2339 x_1200 k_mc91_2126 x_2146 -> (mc91_1199 x_2146 k_mc91_2126).
  fail_2343 b k -> {fail} => (k ()).
  main_1201 n_1202 k_main_2157 when (n_1202 <= 102) -> (mc91_1199 n_1202 (f_main_2340 n_1202 k_main_2157)).
  main_1201 n_1202 k_main_2157 when (not (n_1202 <= 102)) -> (k_main_2157 ()).
  main_2021 k_main_2193 -> (arg1_2019 (f_main_2341 k_main_2193)).
  mc91_1199 x_1200 k_mc91_2126 when (x_1200 > 100) -> (k_mc91_2126 (x_1200 - 10)).
  mc91_1199 x_1200 k_mc91_2126 when (not (x_1200 > 100)) -> (mc91_1199 (x_1200 + 11) (f_mc91_2339 x_1200 k_mc91_2126)).
Types:
  main_2338 : X
  fail_2343 : (x_2:bool[x_2] -> (unit -> X) -> X)
  mc91_1199 : (int -> (int -> X) -> X)

(1-1) Abstracting ... DONE!

(1-2) Checking HORS ... DONE!

Error trace::
  main_2338 ... --> 
  main_2021 ... --> 
  arg1_2019 ... --> 
  f_main_2341 ... --> 
  main_1201 [1/2] ... --> 
  mc91_1199 [1/2] ... --> 
  f_main_2340 [2/2] ... --> 
  fail_2343 ... --> fail -->
  ERROR!

Spurious counterexample::
  0; 0; 0; 0; 0; 0; 1; 0

(1-3) Checking counterexample ... DONE!


========================================================================================================================

Unsafe!

Input for main:
  102
Error trace:
  main 102 ->
    if true then ... ->
    mc91 102 ->
      if true then ... ->
    if false then ... ->
  FAIL!

CEGAR-cycles: 1
total: 0.173 sec
  abst: 0.049 sec
  mc: 0.003 sec
  refine: 0.032 sec
0.173
